<?xml version="1.0" encoding="UTF-8"?>
<!-- Generated by org.testng.reporters.JUnitReportReporter -->
<testsuite hostname="CAPMX-EC2730" failures="0" tests="1" name="academy.ValidateNavigationBar" time="0.054" errors="0" timestamp="2020-05-19T17:46:37 CDT" skipped="0">
  <testcase classname="academy.ValidateNavigationBar" name="basePageNavigation" time="0.054"/>
  <system-out/>
</testsuite> <!-- academy.ValidateNavigationBar -->
